$************** ANSYS(R) SCADE Suite(R) - SCADETOC - Version 2021 R2 (build 20210527T210925) **************
** Generation date: 2022-03-29T22:03:02
** Command: scade -code "C:\Users\yufei\Desktop\ensta2022\Cours_ROB2021_2022_HU\ROB301\Landing_gear_system\Landing_gear_system.etp" -root C2_open_EV_sensors_door_opened -conf Simulation -sim
*************************************************************$
*** Generated Files Information (GENFIL): KCG- Generated files
  at file C:\Users\yufei\Desktop\ensta2022\Cours_ROB2021_2022_HU\ROB301\Landing_gear_system\Simulation\mapping.xml, line 0, character 0
 ~mapping.xml
  at file C:\Users\yufei\Desktop\ensta2022\Cours_ROB2021_2022_HU\ROB301\Landing_gear_system\Simulation\kcg_metrics.txt, line 0, character 0
 ~kcg_metrics.txt
  at file C:\Users\yufei\Desktop\ensta2022\Cours_ROB2021_2022_HU\ROB301\Landing_gear_system\Simulation\C2_open_EV_sensors_door_o.c, line 0, character 0
 ~C2_open_EV_sensors_door_o.c
  at file C:\Users\yufei\Desktop\ensta2022\Cours_ROB2021_2022_HU\ROB301\Landing_gear_system\Simulation\C2_open_EV_sensors_door_o.h, line 0, character 0
 ~C2_open_EV_sensors_door_o.h
  at file C:\Users\yufei\Desktop\ensta2022\Cours_ROB2021_2022_HU\ROB301\Landing_gear_system\Simulation\kcg_types.h, line 0, character 0
 ~kcg_types.h
  at file C:\Users\yufei\Desktop\ensta2022\Cours_ROB2021_2022_HU\ROB301\Landing_gear_system\Simulation\kcg_consts.h, line 0, character 0
 ~kcg_consts.h
  at file C:\Users\yufei\Desktop\ensta2022\Cours_ROB2021_2022_HU\ROB301\Landing_gear_system\Simulation\kcg_sensors.h, line 0, character 0
 ~kcg_sensors.h
  at file C:\Users\yufei\Desktop\ensta2022\Cours_ROB2021_2022_HU\ROB301\Landing_gear_system\Simulation\kcg_types.c, line 0, character 0
 ~kcg_types.c
  at file C:\Users\yufei\Desktop\ensta2022\Cours_ROB2021_2022_HU\ROB301\Landing_gear_system\Simulation\kcg_consts.c, line 0, character 0
 ~kcg_consts.c
  at file C:\Users\yufei\Desktop\ensta2022\Cours_ROB2021_2022_HU\ROB301\Landing_gear_system\Simulation\config.txt, line 0, character 0
 ~config.txt
*** Generated Files Information (GENFIL): Code Generator Generated files
  at file C:\Users\yufei\Desktop\ensta2022\Cours_ROB2021_2022_HU\ROB301\Landing_gear_system\Simulation\user_macros.h, line 0, character 0
 ~user_macros.h
  at file C:\Users\yufei\Desktop\ensta2022\Cours_ROB2021_2022_HU\ROB301\Landing_gear_system\Simulation\kcg_imported_types.h, line 0, character 0
 ~kcg_imported_types.h
  at file C:\Users\yufei\Desktop\ensta2022\Cours_ROB2021_2022_HU\ROB301\Landing_gear_system\Simulation\sc2c.log, line 0, character 0
 ~sc2c.log
  at file C:\Users\yufei\Desktop\ensta2022\Cours_ROB2021_2022_HU\ROB301\Landing_gear_system\Simulation\sc2c_integration_files.txt, line 0, character 0
 ~sc2c_integration_files.txt
*** Generated Files Information (GENFIL): Type Utils Generated files
  at file C:\Users\yufei\Desktop\ensta2022\Cours_ROB2021_2022_HU\ROB301\Landing_gear_system\Simulation\Landing_gear_system_type.h, line 0, character 0
 ~Landing_gear_system_type.h
  at file C:\Users\yufei\Desktop\ensta2022\Cours_ROB2021_2022_HU\ROB301\Landing_gear_system\Simulation\Landing_gear_system_type.c, line 0, character 0
 ~Landing_gear_system_type.c
*** Generated Files Information (GENFIL): Mapping Utils Generated files
  at file C:\Users\yufei\Desktop\ensta2022\Cours_ROB2021_2022_HU\ROB301\Landing_gear_system\Simulation\Landing_gear_system_mapping.h, line 0, character 0
 ~Landing_gear_system_mapping.h
  at file C:\Users\yufei\Desktop\ensta2022\Cours_ROB2021_2022_HU\ROB301\Landing_gear_system\Simulation\Landing_gear_system_mapping.c, line 0, character 0
 ~Landing_gear_system_mapping.c
*** Generated Files Information (GENFIL): Simulator Generated files
  at file C:\Users\yufei\Desktop\ensta2022\Cours_ROB2021_2022_HU\ROB301\Landing_gear_system\Simulation\Landing_gear_system_interface.h, line 0, character 0
 ~Landing_gear_system_interface.h
  at file C:\Users\yufei\Desktop\ensta2022\Cours_ROB2021_2022_HU\ROB301\Landing_gear_system\Simulation\Landing_gear_system_interface.c, line 0, character 0
 ~Landing_gear_system_interface.c
  at file C:\Users\yufei\Desktop\ensta2022\Cours_ROB2021_2022_HU\ROB301\Landing_gear_system\Simulation\Landing_gear_system_dll.c, line 0, character 0
 ~Landing_gear_system_dll.c
*** Generated Files Information (GENFIL): Build Generated files
  at file C:\Users\yufei\Desktop\ensta2022\Cours_ROB2021_2022_HU\ROB301\Landing_gear_system\Simulation\Makefile_win64, line 0, character 0
 ~Makefile_win64
  at file C:\Users\yufei\Desktop\ensta2022\Cours_ROB2021_2022_HU\ROB301\Landing_gear_system\Simulation\C2_open_EV_sensors_door_opened.dll, line 0, character 0
 ~C2_open_EV_sensors_door_opened.dll
  at file C:\Users\yufei\Desktop\ensta2022\Cours_ROB2021_2022_HU\ROB301\Landing_gear_system\Simulation\C2_open_EV_sensors_door_opened.exe, line 0, character 0
 ~C2_open_EV_sensors_door_opened.exe
$************** ANSYS(R) SCADE Suite(R) - SCADETOC - Version 2021 R2 (build 20210527T210925) **************
** Generation date: 2022-03-29T22:03:04
** sc2c.log
*************************************************************$
